[2024-03-19 17:42:17.971]  INFO 20992 --- [kground-preinit] o.h.v.i.u.Version                        : HV000001: Hibernate Validator 6.2.3.Final
[2024-03-19 17:42:18.013]  INFO 20992 --- [           main] c.s.o.OrderV1Application                 : Starting OrderV1Application using Java 17.0.6 on DESKTOP-8UQLCJG with PID 20992 (D:\000_source\toto\high-performance-java\v1\order-v1\build\classes\java\main started by kimtaehan in D:\000_source\toto\high-performance-java\v1\order-v1)
[2024-03-19 17:42:18.018]  INFO 20992 --- [           main] c.s.o.OrderV1Application                 : No active profile set, falling back to 1 default profile: "default"
[2024-03-19 17:42:18.708]  WARN 20992 --- [           main] o.m.s.m.ClassPathMapperScanner           : No MyBatis mapper was found in '[com.skcc.orderv1]' package. Please check your configuration.
[2024-03-19 17:42:19.322]  INFO 20992 --- [           main] o.s.b.w.e.t.TomcatWebServer              : Tomcat initialized with port(s): 8888 (http)
[2024-03-19 17:42:19.329]  INFO 20992 --- [           main] o.a.c.h.Http11NioProtocol                : Initializing ProtocolHandler ["http-nio-8888"]
[2024-03-19 17:42:19.330]  INFO 20992 --- [           main] o.a.c.c.StandardService                  : Starting service [Tomcat]
[2024-03-19 17:42:19.330]  INFO 20992 --- [           main] o.a.c.c.StandardEngine                   : Starting Servlet engine: [Apache Tomcat/9.0.63]
[2024-03-19 17:42:19.431]  INFO 20992 --- [           main] o.a.c.c.C.[.[.[/]                        : Initializing Spring embedded WebApplicationContext
[2024-03-19 17:42:19.431]  INFO 20992 --- [           main] w.s.c.ServletWebServerApplicationContext : Root WebApplicationContext: initialization completed in 1370 ms
[2024-03-19 17:42:19.829]  INFO 20992 --- [           main] o.s.a.f.CglibAopProxy                    : Unable to proxy interface-implementing method [public final void org.springframework.dao.support.DaoSupport.afterPropertiesSet() throws java.lang.IllegalArgumentException,org.springframework.beans.factory.BeanInitializationException] because it is marked as final: Consider using interface-based JDK proxies instead!
[2024-03-19 17:42:19.844]  INFO 20992 --- [           main] o.s.a.f.CglibAopProxy                    : Unable to proxy interface-implementing method [public final void org.springframework.dao.support.DaoSupport.afterPropertiesSet() throws java.lang.IllegalArgumentException,org.springframework.beans.factory.BeanInitializationException] because it is marked as final: Consider using interface-based JDK proxies instead!
[2024-03-19 17:42:20.299]  INFO 20992 --- [           main] o.a.c.h.Http11NioProtocol                : Starting ProtocolHandler ["http-nio-8888"]
[2024-03-19 17:42:20.341]  INFO 20992 --- [           main] o.s.b.w.e.t.TomcatWebServer              : Tomcat started on port(s): 8888 (http) with context path ''
[2024-03-19 17:42:20.387]  INFO 20992 --- [           main] c.s.o.OrderV1Application                 : Started OrderV1Application in 2.706 seconds (JVM running for 3.352)
[2024-03-19 17:42:23.083]  INFO 20992 --- [nio-8888-exec-4] o.a.c.c.C.[.[.[/]                        : Initializing Spring DispatcherServlet 'dispatcherServlet'
[2024-03-19 17:42:23.083]  INFO 20992 --- [nio-8888-exec-4] o.s.w.s.DispatcherServlet                : Initializing Servlet 'dispatcherServlet'
[2024-03-19 17:42:23.084]  INFO 20992 --- [nio-8888-exec-4] o.s.w.s.DispatcherServlet                : Completed initialization in 1 ms
[2024-03-19 17:42:23.210]  WARN 20992 --- [nio-8888-exec-4] c.z.h.HikariConfig                       : HikariPool-1 - idleTimeout has been set but has no effect because the pool is operating as a fixed size pool.
[2024-03-19 17:42:23.210]  INFO 20992 --- [nio-8888-exec-4] c.z.h.HikariDataSource                   : HikariPool-1 - Starting...
[2024-03-19 17:42:23.382]  INFO 20992 --- [nio-8888-exec-4] c.z.h.HikariDataSource                   : HikariPool-1 - Start completed.
